After filltableau:
Determinant: -1
var  z0 z1 z2 z3 z4 RHS
scfa  1  1  1  1  1   1
                       
w1    1  .  1 -1  .   .
w2    1  1  .  . -1   .
w3    1  1  .  .  .  -1
w4    1  .  1  .  .  -1
-----------------end of tableau-----------------
leaving: w4   entering: z0
leaving: w2   entering: z4
leaving: w3   entering: z2
leaving: w1   entering: z3
leaving: z0   entering: z1
Final tableau:
Determinant: 1
var  w4 z0 w3 w1 w2 RHS
scfa  1  1  1  1  1   1
                       
z3   -1  .  .  1  .   1
z4    .  . -1  .  1   1
z2   -1  1  .  .  .   1
z1    .  1 -1  .  .   1
-----------------end of tableau-----------------
basis=    z1 z2 z3 z4
    z=  0  1  1  1  1
    w=     0  0  0  0
